Warning: ignoring unsupported tag `ALLOW_UNICODE_NAMES    =' at line 79, file /home/travis/build/robotology-playground/human-dynamics-estimation/doc/Doxyfile
Warning: ignoring unsupported tag `GROUP_NESTED_COMPOUNDS =' at line 351, file /home/travis/build/robotology-playground/human-dynamics-estimation/doc/Doxyfile
Warning: ignoring unsupported tag `HIDE_COMPOUND_REFERENCE=' at line 522, file /home/travis/build/robotology-playground/human-dynamics-estimation/doc/Doxyfile
Warning: ignoring unsupported tag `WARN_AS_ERROR          =' at line 746, file /home/travis/build/robotology-playground/human-dynamics-estimation/doc/Doxyfile
Warning: ignoring unsupported tag `LATEX_EXTRA_STYLESHEET =' at line 1681, file /home/travis/build/robotology-playground/human-dynamics-estimation/doc/Doxyfile
Warning: ignoring unsupported tag `LATEX_TIMESTAMP        =' at line 1748, file /home/travis/build/robotology-playground/human-dynamics-estimation/doc/Doxyfile
Warning: ignoring unsupported tag `RTF_SOURCE_CODE        =' at line 1814, file /home/travis/build/robotology-playground/human-dynamics-estimation/doc/Doxyfile
Warning: ignoring unsupported tag `MAN_SUBDIR             =' at line 1849, file /home/travis/build/robotology-playground/human-dynamics-estimation/doc/Doxyfile
Warning: ignoring unsupported tag `DOCBOOK_PROGRAMLISTING =' at line 1912, file /home/travis/build/robotology-playground/human-dynamics-estimation/doc/Doxyfile
Warning: ignoring unsupported tag `PLANTUML_JAR_PATH      =' at line 2341, file /home/travis/build/robotology-playground/human-dynamics-estimation/doc/Doxyfile
Warning: ignoring unsupported tag `PLANTUML_INCLUDE_PATH  =' at line 2346, file /home/travis/build/robotology-playground/human-dynamics-estimation/doc/Doxyfile
Parsing layout file DoxygenLayout.xml...
Searching for include files...
Searching for example files...
Searching for images...
Searching for dot files...
Searching for msc files...
Searching for dia files...
Searching for files to exclude
Searching for files to process...
Searching for files in directory /home/travis/build/robotology-playground/human-dynamics-estimation
Searching for files in directory /home/travis/build/robotology-playground/human-dynamics-estimation/build
Searching for files in directory /home/travis/build/robotology-playground/human-dynamics-estimation/build/CMakeFiles
Searching for files in directory /home/travis/build/robotology-playground/human-dynamics-estimation/build/CMakeFiles/3.2.2
Searching for files in directory /home/travis/build/robotology-playground/human-dynamics-estimation/build/CMakeFiles/3.2.2/CompilerIdCXX
Searching for files in directory /home/travis/build/robotology-playground/human-dynamics-estimation/build/CMakeFiles/CMakeTmp
Searching for files in directory /home/travis/build/robotology-playground/human-dynamics-estimation/build/human-dynamics-estimator
Searching for files in directory /home/travis/build/robotology-playground/human-dynamics-estimation/build/human-dynamics-estimator/CMakeFiles
Searching for files in directory /home/travis/build/robotology-playground/human-dynamics-estimation/build/human-dynamics-estimator/CMakeFiles/human-dynamics-estimator.dir
Searching for files in directory /home/travis/build/robotology-playground/human-dynamics-estimation/build/human-dynamics-estimator/CMakeFiles/human-dynamics-estimator.dir/src
Searching for files in directory /home/travis/build/robotology-playground/human-dynamics-estimation/build/human-forces-provider
Searching for files in directory /home/travis/build/robotology-playground/human-dynamics-estimation/build/human-forces-provider/_yarp_idl_
Searching for files in directory /home/travis/build/robotology-playground/human-dynamics-estimation/build/human-forces-provider/_yarp_idl_/thrifts
Searching for files in directory /home/travis/build/robotology-playground/human-dynamics-estimation/build/human-forces-provider/_yarp_idl_/thrifts/force6d
Searching for files in directory /home/travis/build/robotology-playground/human-dynamics-estimation/build/human-forces-provider/autogenerated
Searching for files in directory /home/travis/build/robotology-playground/human-dynamics-estimation/build/human-forces-provider/autogenerated/include
Searching for files in directory /home/travis/build/robotology-playground/human-dynamics-estimation/build/human-forces-provider/autogenerated/include/thrifts
Searching for files in directory /home/travis/build/robotology-playground/human-dynamics-estimation/build/human-forces-provider/autogenerated/src
Searching for files in directory /home/travis/build/robotology-playground/human-dynamics-estimation/build/human-forces-provider/CMakeFiles
Searching for files in directory /home/travis/build/robotology-playground/human-dynamics-estimation/build/human-forces-provider/CMakeFiles/human-forces-provider-data.dir
Searching for files in directory /home/travis/build/robotology-playground/human-dynamics-estimation/build/human-forces-provider/CMakeFiles/human-forces-provider-data.dir/autogenerated
Searching for files in directory /home/travis/build/robotology-playground/human-dynamics-estimation/build/human-forces-provider/CMakeFiles/human-forces-provider-data.dir/autogenerated/src
Searching for files in directory /home/travis/build/robotology-playground/human-dynamics-estimation/build/human-forces-provider/CMakeFiles/human-forces-provider.dir
Searching for files in directory /home/travis/build/robotology-playground/human-dynamics-estimation/build/human-forces-provider/CMakeFiles/human-forces-provider.dir/src
Searching for files in directory /home/travis/build/robotology-playground/human-dynamics-estimation/build/human-forces-provider/CMakeFiles/thrifts_Force6D_thrift.dir
Searching for files in directory /home/travis/build/robotology-playground/human-dynamics-estimation/build/human-state-provider
Searching for files in directory /home/travis/build/robotology-playground/human-dynamics-estimation/build/human-state-provider/_yarp_idl_
Searching for files in directory /home/travis/build/robotology-playground/human-dynamics-estimation/build/human-state-provider/_yarp_idl_/thrifts
Searching for files in directory /home/travis/build/robotology-playground/human-dynamics-estimation/build/human-state-provider/_yarp_idl_/thrifts/humanstate
Searching for files in directory /home/travis/build/robotology-playground/human-dynamics-estimation/build/human-state-provider/autogenerated
Searching for files in directory /home/travis/build/robotology-playground/human-dynamics-estimation/build/human-state-provider/autogenerated/include
Searching for files in directory /home/travis/build/robotology-playground/human-dynamics-estimation/build/human-state-provider/autogenerated/include/thrifts
Searching for files in directory /home/travis/build/robotology-playground/human-dynamics-estimation/build/human-state-provider/autogenerated/src
Searching for files in directory /home/travis/build/robotology-playground/human-dynamics-estimation/build/human-state-provider/CMakeFiles
Searching for files in directory /home/travis/build/robotology-playground/human-dynamics-estimation/build/human-state-provider/CMakeFiles/human-state-provider-data.dir
Searching for files in directory /home/travis/build/robotology-playground/human-dynamics-estimation/build/human-state-provider/CMakeFiles/human-state-provider-data.dir/autogenerated
Searching for files in directory /home/travis/build/robotology-playground/human-dynamics-estimation/build/human-state-provider/CMakeFiles/human-state-provider-data.dir/autogenerated/src
Searching for files in directory /home/travis/build/robotology-playground/human-dynamics-estimation/build/human-state-provider/CMakeFiles/thrifts_HumanState_thrift.dir
Searching for files in directory /home/travis/build/robotology-playground/human-dynamics-estimation/cmake
Searching for files in directory /home/travis/build/robotology-playground/human-dynamics-estimation/code_docs
Searching for files in directory /home/travis/build/robotology-playground/human-dynamics-estimation/doc
Searching for files in directory /home/travis/build/robotology-playground/human-dynamics-estimation/human-dynamics-estimator
Searching for files in directory /home/travis/build/robotology-playground/human-dynamics-estimation/human-dynamics-estimator/app
Searching for files in directory /home/travis/build/robotology-playground/human-dynamics-estimation/human-dynamics-estimator/app/conf
Searching for files in directory /home/travis/build/robotology-playground/human-dynamics-estimation/human-dynamics-estimator/include
Searching for files in directory /home/travis/build/robotology-playground/human-dynamics-estimation/human-dynamics-estimator/src
Searching for files in directory /home/travis/build/robotology-playground/human-dynamics-estimation/human-dynamics-estimator/thrifts
Searching for files in directory /home/travis/build/robotology-playground/human-dynamics-estimation/human-forces-provider
Searching for files in directory /home/travis/build/robotology-playground/human-dynamics-estimation/human-forces-provider/app
Searching for files in directory /home/travis/build/robotology-playground/human-dynamics-estimation/human-forces-provider/app/conf
Searching for files in directory /home/travis/build/robotology-playground/human-dynamics-estimation/human-forces-provider/include
Searching for files in directory /home/travis/build/robotology-playground/human-dynamics-estimation/human-forces-provider/src
Searching for files in directory /home/travis/build/robotology-playground/human-dynamics-estimation/human-forces-provider/thrifts
Searching for files in directory /home/travis/build/robotology-playground/human-dynamics-estimation/human-state-provider
Searching for files in directory /home/travis/build/robotology-playground/human-dynamics-estimation/human-state-provider/thrifts
Reading and parsing tag files
Parsing files
Preprocessing /home/travis/build/robotology-playground/human-dynamics-estimation/build/CMakeFiles/3.2.2/CompilerIdCXX/CMakeCXXCompilerId.cpp...
Parsing file /home/travis/build/robotology-playground/human-dynamics-estimation/build/CMakeFiles/3.2.2/CompilerIdCXX/CMakeCXXCompilerId.cpp...
Preprocessing /home/travis/build/robotology-playground/human-dynamics-estimation/build/CMakeFiles/feature_tests.cxx...
Parsing file /home/travis/build/robotology-playground/human-dynamics-estimation/build/CMakeFiles/feature_tests.cxx...
Preprocessing /home/travis/build/robotology-playground/human-dynamics-estimation/build/human-forces-provider/_yarp_idl_/thrifts/force6d/Force6D.cpp...
Parsing file /home/travis/build/robotology-playground/human-dynamics-estimation/build/human-forces-provider/_yarp_idl_/thrifts/force6d/Force6D.cpp...
Preprocessing /home/travis/build/robotology-playground/human-dynamics-estimation/build/human-forces-provider/_yarp_idl_/thrifts/force6d/Force6D.h...
Parsing file /home/travis/build/robotology-playground/human-dynamics-estimation/build/human-forces-provider/_yarp_idl_/thrifts/force6d/Force6D.h...
Preprocessing /home/travis/build/robotology-playground/human-dynamics-estimation/build/human-forces-provider/_yarp_idl_/thrifts/force6d/Force6D_index.h...
Parsing file /home/travis/build/robotology-playground/human-dynamics-estimation/build/human-forces-provider/_yarp_idl_/thrifts/force6d/Force6D_index.h...
Preprocessing /home/travis/build/robotology-playground/human-dynamics-estimation/build/human-forces-provider/_yarp_idl_/thrifts/force6d/HumanForces.cpp...
Parsing file /home/travis/build/robotology-playground/human-dynamics-estimation/build/human-forces-provider/_yarp_idl_/thrifts/force6d/HumanForces.cpp...
Preprocessing /home/travis/build/robotology-playground/human-dynamics-estimation/build/human-forces-provider/_yarp_idl_/thrifts/force6d/HumanForces.h...
Parsing file /home/travis/build/robotology-playground/human-dynamics-estimation/build/human-forces-provider/_yarp_idl_/thrifts/force6d/HumanForces.h...
Preprocessing /home/travis/build/robotology-playground/human-dynamics-estimation/build/human-forces-provider/autogenerated/include/thrifts/Force6D.h...
Parsing file /home/travis/build/robotology-playground/human-dynamics-estimation/build/human-forces-provider/autogenerated/include/thrifts/Force6D.h...
Preprocessing /home/travis/build/robotology-playground/human-dynamics-estimation/build/human-forces-provider/autogenerated/include/thrifts/HumanForces.h...
Parsing file /home/travis/build/robotology-playground/human-dynamics-estimation/build/human-forces-provider/autogenerated/include/thrifts/HumanForces.h...
Preprocessing /home/travis/build/robotology-playground/human-dynamics-estimation/build/human-forces-provider/autogenerated/src/Force6D.cpp...
Parsing file /home/travis/build/robotology-playground/human-dynamics-estimation/build/human-forces-provider/autogenerated/src/Force6D.cpp...
Preprocessing /home/travis/build/robotology-playground/human-dynamics-estimation/build/human-forces-provider/autogenerated/src/HumanForces.cpp...
Parsing file /home/travis/build/robotology-playground/human-dynamics-estimation/build/human-forces-provider/autogenerated/src/HumanForces.cpp...
Preprocessing /home/travis/build/robotology-playground/human-dynamics-estimation/build/human-state-provider/_yarp_idl_/thrifts/humanstate/HumanState.cpp...
Parsing file /home/travis/build/robotology-playground/human-dynamics-estimation/build/human-state-provider/_yarp_idl_/thrifts/humanstate/HumanState.cpp...
Preprocessing /home/travis/build/robotology-playground/human-dynamics-estimation/build/human-state-provider/_yarp_idl_/thrifts/humanstate/HumanState.h...
Parsing file /home/travis/build/robotology-playground/human-dynamics-estimation/build/human-state-provider/_yarp_idl_/thrifts/humanstate/HumanState.h...
Preprocessing /home/travis/build/robotology-playground/human-dynamics-estimation/build/human-state-provider/_yarp_idl_/thrifts/humanstate/HumanState_index.h...
Parsing file /home/travis/build/robotology-playground/human-dynamics-estimation/build/human-state-provider/_yarp_idl_/thrifts/humanstate/HumanState_index.h...
Preprocessing /home/travis/build/robotology-playground/human-dynamics-estimation/build/human-state-provider/autogenerated/include/thrifts/HumanState.h...
Parsing file /home/travis/build/robotology-playground/human-dynamics-estimation/build/human-state-provider/autogenerated/include/thrifts/HumanState.h...
Preprocessing /home/travis/build/robotology-playground/human-dynamics-estimation/build/human-state-provider/autogenerated/src/HumanState.cpp...
Parsing file /home/travis/build/robotology-playground/human-dynamics-estimation/build/human-state-provider/autogenerated/src/HumanState.cpp...
Preprocessing /home/travis/build/robotology-playground/human-dynamics-estimation/human-dynamics-estimator/include/HumanDynamicsEstimator.h...
Parsing file /home/travis/build/robotology-playground/human-dynamics-estimation/human-dynamics-estimator/include/HumanDynamicsEstimator.h...
Preprocessing /home/travis/build/robotology-playground/human-dynamics-estimation/human-dynamics-estimator/src/HumanDynamicsEstimator.cpp...
Parsing file /home/travis/build/robotology-playground/human-dynamics-estimation/human-dynamics-estimator/src/HumanDynamicsEstimator.cpp...
Preprocessing /home/travis/build/robotology-playground/human-dynamics-estimation/human-dynamics-estimator/src/main.cpp...
Parsing file /home/travis/build/robotology-playground/human-dynamics-estimation/human-dynamics-estimator/src/main.cpp...
Preprocessing /home/travis/build/robotology-playground/human-dynamics-estimation/human-forces-provider/include/AbstractForceReader.h...
Parsing file /home/travis/build/robotology-playground/human-dynamics-estimation/human-forces-provider/include/AbstractForceReader.h...
Preprocessing /home/travis/build/robotology-playground/human-dynamics-estimation/human-forces-provider/include/ForceReader.h...
Parsing file /home/travis/build/robotology-playground/human-dynamics-estimation/human-forces-provider/include/ForceReader.h...
Preprocessing /home/travis/build/robotology-playground/human-dynamics-estimation/human-forces-provider/include/FrameTransformer.h...
Parsing file /home/travis/build/robotology-playground/human-dynamics-estimation/human-forces-provider/include/FrameTransformer.h...
Preprocessing /home/travis/build/robotology-playground/human-dynamics-estimation/human-forces-provider/include/FTForceReader.h...
Parsing file /home/travis/build/robotology-playground/human-dynamics-estimation/human-forces-provider/include/FTForceReader.h...
Preprocessing /home/travis/build/robotology-playground/human-dynamics-estimation/human-forces-provider/include/GenericFrameTransformer.h...
Parsing file /home/travis/build/robotology-playground/human-dynamics-estimation/human-forces-provider/include/GenericFrameTransformer.h...
Preprocessing /home/travis/build/robotology-playground/human-dynamics-estimation/human-forces-provider/include/HumanForcesProvider.h...
Parsing file /home/travis/build/robotology-playground/human-dynamics-estimation/human-forces-provider/include/HumanForcesProvider.h...
Preprocessing /home/travis/build/robotology-playground/human-dynamics-estimation/human-forces-provider/include/PortForceReader.h...
Parsing file /home/travis/build/robotology-playground/human-dynamics-estimation/human-forces-provider/include/PortForceReader.h...
Preprocessing /home/travis/build/robotology-playground/human-dynamics-estimation/human-forces-provider/include/RobotFrameTransformer.h...
Parsing file /home/travis/build/robotology-playground/human-dynamics-estimation/human-forces-provider/include/RobotFrameTransformer.h...
Preprocessing /home/travis/build/robotology-playground/human-dynamics-estimation/human-forces-provider/src/AbstractForceReader.cpp...
Parsing file /home/travis/build/robotology-playground/human-dynamics-estimation/human-forces-provider/src/AbstractForceReader.cpp...
Preprocessing /home/travis/build/robotology-playground/human-dynamics-estimation/human-forces-provider/src/ForceReader.cpp...
Parsing file /home/travis/build/robotology-playground/human-dynamics-estimation/human-forces-provider/src/ForceReader.cpp...
Preprocessing /home/travis/build/robotology-play/home/travis/build/robotology-playground/human-dynamics-estimation/human-forces-provider/include/FrameTransformer.h:2: warning: the name `ForceTransformer.h' supplied as the second argument in the \file statement is not an input file
/home/travis/build/robotology-playground/human-dynamics-estimation/human-forces-provider/src/FrameTransformer.cpp:2: warning: the name `ForceTransformer.cpp' supplied as the second argument in the \file statement is not an input file
/home/travis/build/robotology-playground/human-dynamics-estimation/human-forces-provider/src/main.cpp:2: warning: the name `main.cpp' supplied as the second argument in the \file statement matches the following input files:
   /home/travis/build/robotology-playground/human-dynamics-estimation/human-dynamics-estimator/src/main.cpp
   /home/travis/build/robotology-playground/human-dynamics-estimation/human-forces-provider/src/main.cpp
Please use a more specific name by including a (larger) part of the path!
ground/human-dynamics-estimation/human-forces-provider/src/FrameTransformer.cpp...
Parsing file /home/travis/build/robotology-playground/human-dynamics-estimation/human-forces-provider/src/FrameTransformer.cpp...
Preprocessing /home/travis/build/robotology-playground/human-dynamics-estimation/human-forces-provider/src/FTForceReader.cpp...
Parsing file /home/travis/build/robotology-playground/human-dynamics-estimation/human-forces-provider/src/FTForceReader.cpp...
Preprocessing /home/travis/build/robotology-playground/human-dynamics-estimation/human-forces-provider/src/GenericFrameTransformer.cpp...
Parsing file /home/travis/build/robotology-playground/human-dynamics-estimation/human-forces-provider/src/GenericFrameTransformer.cpp...
Preprocessing /home/travis/build/robotology-playground/human-dynamics-estimation/human-forces-provider/src/HumanForcesProvider.cpp...
Parsing file /home/travis/build/robotology-playground/human-dynamics-estimation/human-forces-provider/src/HumanForcesProvider.cpp...
Preprocessing /home/travis/build/robotology-playground/human-dynamics-estimation/human-forces-provider/src/main.cpp...
Parsing file /home/travis/build/robotology-playground/human-dynamics-estimation/human-forces-provider/src/main.cpp...
Preprocessing /home/travis/build/robotology-playground/human-dynamics-estimation/human-forces-provider/src/PortForceReader.cpp...
Parsing file /home/travis/build/robotology-playground/human-dynamics-estimation/human-forces-provider/src/PortForceReader.cpp...
Preprocessing /home/travis/build/robotology-playground/human-dynamics-estimation/human-forces-provider/src/RobotFrameTransformer.cpp...
Parsing file /home/travis/build/robotology-playground/human-dynamics-estimation/human-forces-provider/src/RobotFrameTransformer.cpp...
Reading /home/travis/build/robotology-playground/human-dynamics-estimation/README.md...
Building group list...
Building directory list...
Building namespace list...
Building file list...
Building class list...
Associating documentation with classes...
Computing nesting relations for classes...
Building example list...
Searching for enumerations...
Searching for documented typedefs...
Searching for members imported via using declarations...
Searching for included using directives...
Searching for documented variables...
Building interface member list...
Building member list...
Searching for friends...
Searching for documented defines...
Computing class inheritance relations...
Computing class usage relations...
Flushing cached template relations that have become invalid...
Creating members for template instances...
Computing class relations...
Add enum values to enums...
Searching for member function documentation...
Building page list...
Search for main page...
Computing page relations...
Determining the scope of groups...
Sorting lists...
Freeing entry tree
Determining which enums are documented
Computing member relations...
Building full member lists recursively...
Adding members to member groups.
Computing member references...
Inheriting documentation...
Generating disk names...
Adding source references...
Adding xrefitems...
Sorting member lists...
Computing dependencies between directories...
Generating citations page...
Counting data structures...
Resolving user defined references...
Finding anchors and sections in the documentation...
Transferring function references...
Combining using relations...
Adding members to index pages...
Generating style sheet...
Generating search indices...
Generating example documentation...
Generating file sources...
Generating code for file /home/travis/build/robotology-playground/human-dynamics-estimation/build/CMakeFiles/3.2.2/CompilerIdCXX/CMakeCXXCompilerId.cpp...
Generating code for file /home/travis/build/robotology-playground/human-dynamics-estimation/build/CMakeFiles/feature_tests.cxx...
Generating code for file /home/travis/build/robotology-playground/human-dynamics-estimation/build/human-forces-provider/_yarp_idl_/thrifts/force6d/Force6D.cpp...
Generating code for file /home/travis/build/robotology-playground/human-dynamics-estimation/build/human-forces-provider/autogenerated/src/Force6D.cpp...
Generating code for file /home/travis/build/robotology-playground/human-dynamics-estimation/build/human-forces-provider/_yarp_idl_/thrifts/force6d/Force6D.h...
Generating code for file /home/travis/build/robotology-playground/human-dynamics-estimation/build/human-forces-provider/autogenerated/include/thrifts/Force6D.h...
Generating code for file /home/travis/build/robotology-playground/human-dynamics-estimation/build/human-forces-provider/_yarp_idl_/thrifts/force6d/Force6D_index.h...
Generating code for file /home/travis/build/robotology-playground/human-dynamics-estimation/build/human-forces-provider/_yarp_idl_/thrifts/force6d/HumanForces.cpp...
Generating code for file /home/travis/build/robotology-playground/human-dynamics-estimation/build/human-forces-provider/autogenerated/src/HumanForces.cpp...
Generating code for file /home/travis/build/robotology-playground/human-dynamics-estimation/build/human-forces-provider/_yarp_idl_/thrifts/force6d/HumanForces.h...
Generating code for file /home/travis/build/robotology-playground/human-dynamics-estimation/build/human-forces-provider/autogenerated/include/thrifts/HumanForces.h...
Generating code for file /home/travis/build/robotology-playground/human-dynamics-estimation/build/human-state-provider/_yarp_idl_/thrifts/humanstate/HumanState.cpp...
Generating code for file /home/travis/build/robotology-playground/human-dynamics-estimation/build/human-state-provider/autogenerated/src/HumanState.cpp...
Generating code for file /home/travis/build/robotology-playground/human-dynamics-estimation/build/human-state-provider/_yarp_idl_/thrifts/humanstate/HumanState.h...
Generating code for file /home/travis/build/robotology-playground/human-dynamics-estimation/build/human-state-provider/autogenerated/include/thrifts/HumanState.h...
Generating code for file /home/travis/build/robotology-playground/human-dynamics-estimation/build/human-state-provider/_yarp_idl_/thrifts/humanstate/HumanState_index.h...
Generating code for file /home/travis/build/robotology-playground/human-dynamics-estimation/human-dynamics-estimator/include/HumanDynamicsEstimator.h...
Generating code for file /home/travis/build/robotology-playground/human-dynamics-estimation/human-dynamics-estimator/src/HumanDynamicsEstimator.cpp...
Generating code for file /home/travis/build/robotology-playground/human-dynamics-estimation/human-dynamics-estimator/src/main.cpp...
Generating code for file /home/travis/build/robotology-playground/human-dynamics-estimation/human-forces-provider/src/main.cpp...
Generating code for file /home/travis/build/robotology-playground/human-dynamics-estimation/human-forces-provider/include/AbstractForceReader.h...
Generating code for file /home/travis/build/robotology-playground/human-dynamics-estimation/human-forces-provider/include/ForceReader.h...
Generating code for file /home/travis/build/robotology-playground/human-dynamics-estimation/human-forces-provider/include/FrameTransformer.h...
Generating code for file /home/travis/build/robotology-playground/human-dynamics-estimation/human-forces-provider/include/FTForceReader.h...
Generating code for file /home/travis/build/robotology-playground/human-dynamics-estimation/human-forces-provider/include/GenericFrameTransformer.h...
Generating code for file /home/travis/build/robotology-playground/human-dynamics-estimation/human-forces-provider/include/HumanForcesProvider.h...
Generating code for file /home/travis/build/robotology-playground/human-dynamics-estimation/human-forces-provider/include/PortForceReader.h...
Generating code for file /home/travis/build/robotology-playground/human-dynamics-estimation/human-forces-provider/include/RobotFrameTransformer.h...
Generating code for file /home/travis/build/robotology-playground/human-dynamics-estimation/human-forces-provider/src/AbstractForceReader.cpp...
Generating code for file /home/travis/build/robotology-playground/human-dynamics-estimation/human-forces-provider/src/ForceReader.cpp...
Generating code for file /home/travis/build/robotology-playground/human-dynamics-estimation/human-forces-provider/src/FrameTransformer.cpp...
Generating code for file /home/travis/build/robotology-playground/human-dynamics-estimation/human-forces-provider/src/FTForceReader.cpp...
Generating code for file /home/travis/build/robotology-playground/human-dynamics-estimation/human-forces-provider/src/GenericFrameTransformer.cpp...
Generating code for file /home/travis/build/robotology-playground/human-dynamics-estimation/human-forces-provider/src/HumanForcesProvider.cpp...
Generating code for file /home/travis/build/robotology-playground/human-dynamics-estimation/human-forces-provider/src/PortForceReader.cpp...
Generating code for file /home/travis/build/robotology-playground/human-dynamics-estimation/human-forces-provider/src/RobotFrameTransformer.cpp...
Generating code for file /home/travis/build/robotology-playground/human-dynamics-estimation/README.md...
Generating file documentation...
Generating docs for file /home/travis/build/robotology-playground/human-dynamics-estimation/build/CMakeFiles/3.2.2/CompilerIdCXX/CMakeCXXCompilerId.cpp...
Generating docs for file /home/travis/build/robotology-playground/human-dynamics-estimation/build/CMakeFiles/feature_tests.cxx...
Generating docs for file /home/travis/build/robotology-playground/human-dynamics-estimation/build/human-forces-provider/_yarp_idl_/thrifts/force6d/Force6D.cpp...
Generating docs for file /home/travis/build/robotology-playground/human-dynamics-estimation/build/human-forces-provider/autogenerated/src/Force6D.cpp...
Generating docs for file /home/travis/build/robotology-playground/human-dynamics-estimation/build/human-forces-provider/_yarp_idl_/thrifts/force6d/Force6D.h...
Generating docs for file /home/travis/build/robotology-playground/human-dynamics-estimation/build/human-forces-provider/autogenerated/include/thrifts/Force6D.h...
Generating docs for file /home/travis/build/robotology-playground/human-dynamics-estimation/build/human-forces-provider/_yarp_idl_/thrifts/force6d/Force6D_index.h...
Generating docs for file /home/travis/build/robotology-playground/human-dynamics-estimation/build/human-forces-provider/_yarp_idl_/thrifts/force6d/HumanForces.cpp...
Generating docs for file /home/travis/build/robotology-playground/human-dynamics-estimation/build/human-forces-provider/autogenerated/src/HumanForces.cpp...
Generating docs for file /home/travis/build/robotology-playground/human-dynamics-estimation/build/human-forces-provider/_yarp_idl_/thrifts/force6d/HumanForces.h...
Generating docs for file /home/travis/build/robotology-playground/human-dynamics-estimation/build/human-forces-provider/autogenerated/include/thrifts/HumanForces.h...
Generating docs for file /home/travis/build/robotology-playground/human-dynamics-estimation/build/human-state-provider/_yarp_idl_/thrifts/humanstate/HumanState.cpp...
Generating docs for file /home/travis/build/robotology-playground/human-dynamics-estimation/build/human-state-provider/autogenerated/src/HumanState.cpp...
Generating docs for file /home/travis/build/robotology-playground/human-dynamics-estimation/build/human-state-provider/_yarp_idl_/thrifts/humanstate/HumanState.h...
Generating docs for file /home/travis/build/robotology-playground/human-dynamics-estimation/build/human-state-provider/autogenerated/include/thrifts/HumanState.h...
Generating docs for file /home/travis/build/robotology-playground/human-dynamics-estimation/build/human-state-provider/_yarp_idl_/thrifts/humanstate/HumanState_index.h...
Generating docs for file /home/travis/build/robotology-playground/human-dynamics-estimation/human-dynamics-estimator/include/HumanDynamicsEstimator.h...
Generating docs for file /home/travis/build/robotology-playground/human-dynamics-estimation/human-dynamics-estimator/src/HumanDynamicsEstimator.cpp...
Generating docs for file /home/travis/build/robotology-playground/human-dynamics-estimation/human-dynamics-estimator/src/main.cpp...
Generating docs for file /home/travis/build/robotology-playground/human-dynamics-estimation/human-forces-provider/src/main.cpp...
Generating docs for file /home/travis/build/robotology-playground/human-dynamics-estimation/human-forces-provider/include/AbstractForceReader.h...
Generating docs for file /home/travis/build/robotology-playground/human-dynamics-estimation/human-forces-provider/include/ForceReader.h...
Generating docs for file /home/travis/build/robotology-playground/human-dynamics-estimation/human-forces-provider/include/FrameTransformer.h...
Generating docs for file /home/travis/build/robotology-playground/human-dynamics-estimation/human-forces-provider/include/FTForceReader.h...
Generating docs for file /home/travis/build/robotology-playground/human-dynamics-estimation/human-forces-provider/include/GenericFrameTransformer.h...
Generating docs for file /home/travis/build/robotology-playground/human-dynamics-estimation/human-forces-provider/include/HumanForcesProvider.h...
Generating docs for file /home/travis/build/robotology-playground/human-dynamics-estimation/human-forces-provider/include/PortForceReader.h...
Generating docs for file /home/travis/build/robotology-playground/human-dynamics-estimation/human-forces-provider/include/RobotFrameTransformer.h...
Generating docs for file /home/travis/build/robotology-playground/human-dynamics-estimation/human-forces-provider/src/AbstractForceReader.cpp...
Generating docs for file /home/travis/build/robotology-playground/human-dynamics-estimation/human-forces-provider/src/ForceReader.cpp...
Generating docs for file /home/travis/build/robotology-playground/human-dynamics-estimation/human-forces-provider/src/FrameTransformer.cpp...
Generating docs for file /home/travis/build/robotology-playground/human-dynamics-estimation/human-forces-provider/src/FTForceReader.cpp...
Generating docs for file /home/travis/build/robotology-playground/human-dynamics-estimation/human-forces-provider/src/GenericFrameTransformer.cpp...
Generating docs for file /home/travis/build/robotology-playground/human-dynamics-estimation/human-forces-provider/src/HumanForcesProvider.cpp...
Generating docs for file /home/travis/build/robotology-playground/human-dynamics-estimation/human-forces-provider/src/PortForceReader.cpp...
Generating docs for file /home/travis/build/robotology-playground/human-dynamics-estimation/human-forces-provider/src/RobotFrameTransformer.cpp...
Generating docs for file /home/travis/build/robotology-playground/human-dynamics-estimation/README.md...
Generating page documentation...
Generating docs for page md__home_travis_build_robotology-playground_human-dynamics-estimation_README...
Generating docs for page todo...
Generating group documentation...
Generating class documentation...
Generating docs for compound HumanDynamicsEstimator...
Generating docs for compound HumanForcesProvider...
Generating docs for compound yarp::os::PortWriter...
Generating docs for compound yarp::os::RFModule...
Generating docs for compound yarp::os::Wire...
Generating docs for compound yarp::os::idl::WirePortable...
Generating namespace index...
Generating docs for namespace human
Generating docs for compound human::Force6D...
Generating docs for nested compound human::Force6D::Editor...
Generating docs for compound human::HumanForces...
Generating docs for nested compound human::HumanForces::Editor...
Generating docs for compound human::HumanState...
Generating docs for nested compound human::HumanState::Editor...
Generating docs for compound human::AbstractForceReader...
Generating docs for compound human::ForceReader...
Generating docs for compound human::FrameTransformer...
Generating docs for compound human::FTForceReader...
Generating docs for compound human::GenericFrameTransformer...
Generating docs for compound human::PortForceReader...
Generating docs for compound human::RobotFrameTransformer...
Generating docs for namespace yarp
Generating docs for namespace yarp::dev
Generating docs for namespace yarp::os
Generating docs for compound yarp::os::BufferedPort...
Generating docs for namespace yarp::sig
Generating graph info page...
Generating directory documentation...
Generating dependency graph for directory /home/travis/build/rosh: 1: latex: not found
error: Problems running latex. Check your installation or look for typos in _formulas.tex and check _formulas.log!
sh: 1: dvips: not found
error: Problems running dvips. Check your installation!
botology-playground/human-dynamics-estimation/build/CMakeFiles/3.2.2
Generating dependency graph for directory /home/travis/build/robotology-playground/human-dynamics-estimation/build/human-state-provider/_yarp_idl_
Generating dependency graph for directory /home/travis/build/robotology-playground/human-dynamics-estimation/build/human-forces-provider/_yarp_idl_
Generating dependency graph for directory /home/travis/build/robotology-playground/human-dynamics-estimation/build/human-state-provider/autogenerated
Generating dependency graph for directory /home/travis/build/robotology-playground/human-dynamics-estimation/build/human-forces-provider/autogenerated
Generating dependency graph for directory /home/travis/build/robotology-playground/human-dynamics-estimation/build
Generating dependency graph for directory /home/travis/build/robotology-playground/human-dynamics-estimation/build/CMakeFiles
Generating dependency graph for directory /home/travis/build/robotology-playground/human-dynamics-estimation/build/CMakeFiles/3.2.2/CompilerIdCXX
Generating dependency graph for directory /home/travis/build/robotology-playground/human-dynamics-estimation/build/human-forces-provider/_yarp_idl_/thrifts/force6d
Generating dependency graph for directory /home/travis/build/robotology-playground/human-dynamics-estimation/human-dynamics-estimator
Generating dependency graph for directory /home/travis/build/robotology-playground/human-dynamics-estimation/human-forces-provider
Generating dependency graph for directory /home/travis/build/robotology-playground/human-dynamics-estimation/build/human-forces-provider
Generating dependency graph for directory /home/travis/build/robotology-playground/human-dynamics-estimation/build/human-state-provider
Generating dependency graph for directory /home/travis/build/robotology-playground/human-dynamics-estimation/build/human-state-provider/_yarp_idl_/thrifts/humanstate
Generating dependency graph for directory /home/travis/build/robotology-playground/human-dynamics-estimation/human-forces-provider/include
Generating dependency graph for directory /home/travis/build/robotology-playground/human-dynamics-estimation/human-dynamics-estimator/include
Generating dependency graph for directory /home/travis/build/robotology-playground/human-dynamics-estimation/build/human-state-provider/autogenerated/include
Generating dependency graph for directory /home/travis/build/robotology-playground/human-dynamics-estimation/build/human-forces-provider/autogenerated/include
Generating dependency graph for directory /home/travis/build/robotology-playground/human-dynamics-estimation/human-forces-provider/src
Generating dependency graph for directory /home/travis/build/robotology-playground/human-dynamics-estimation/human-dynamics-estimator/src
Generating dependency graph for directory /home/travis/build/robotology-playground/human-dynamics-estimation/build/human-state-provider/autogenerated/src
Generating dependency graph for directory /home/travis/build/robotology-playground/human-dynamics-estimation/build/human-forces-provider/autogenerated/src
Generating dependency graph for directory /home/travis/build/robotology-playground/human-dynamics-estimation/build/human-state-provider/autogenerated/include/thrifts
Generating dependency graph for directory /home/travis/build/robotology-playground/human-dynamics-estimation/build/human-state-provider/_yarp_idl_/thrifts
Generating dependency graph for directory /home/travis/build/robotology-playground/human-dynamics-estimation/build/human-forces-provider/autogenerated/include/thrifts
Generating dependency graph for directory /home/travis/build/robotology-playground/human-dynamics-estimation/build/human-forces-provider/_yarp_idl_/thrifts
Generating bitmaps for formulas in HTML...
Generating image form_0.png for formula
Generating index page...
Generating page index...
Generating module index...
Generating namespace index...
Generating namespace member index...
Generating annotated compound index...
Generating alphabetical compound index...
Generating hierarchical class index...
Generating graphical class hierarchy...
Generating member index...
Generating file index...
Generating file member index...
Generating example index...
finalizing index lists...
Running dot...
Generating dot graphs using 3 parallel threads...
Running dot for graph 1/123
Running dot for graph 2/123
Running dot for graph 3/123
Running dot for graph 4/123
Running dot for graph 5/123
Running dot for graph 6/123
Running dot for graph 7/123
Running dot for graph 8/123
Running dot for graph 9/123
Running dot for graph 10/123
Running dot for graph 11/123
Running dot for graph 12/123
Running dot for graph 13/123
Running dot for graph 14/123
Running dot for graph 15/123
Running dot for graph 16/123
Running dot for graph 17/123
Running dot for graph 18/123
Running dot for graph 19/123
Running dot for graph 20/123
Running dot for graph 21/123
Running dot for graph 22/123
Running dot for graph 23/123
Running dot for graph 24/123
Running dot for graph 25/123
Running dot for graph 26/123
Running dot for graph 27/123
Running dot for graph 28/123
Running dot for graph 29/123
Running dot for graph 30/123
Running dot for graph 31/123
Running dot for graph 32/123
Running dot for graph 33/123
Running dot for graph 34/123
Running dot for graph 35/123
Running dot for graph 36/123
Running dot for graph 37/123
Running dot for graph 38/123
Running dot for graph 39/123
Running dot for graph 40/123
Running dot for graph 41/123
Running dot for graph 42/123
Running dot for graph 43/123
Running dot for graph 44/123
Running dot for graph 45/123
Running dot for graph 46/123
Running dot for graph 47/123
Running dot for graph 48/123
Running dot for graph 49/123
Running dot for graph 50/123
Running dot for graph 51/123
Running dot for graph 52/123
Running dot for graph 53/123
Running dot for graph 54/123
Running dot for graph 55/123
Running dot for graph 56/123
Running dot for graph 57/123
Running dot for graph 58/123
Running dot for graph 59/123
Running dot for graph 60/123
Running dot for graph 61/123
Running dot for graph 62/123
Running dot for graph 63/123
Running dot for graph 64/123
Running dot for graph 65/123
Running dot for graph 66/123
Running dot for graph 67/123
Running dot for graph 68/123
Running dot for graph 69/123
Running dot for graph 70/123
Running dot for graph 71/123
Running dot for graph 72/123
Running dot for graph 73/123
Running dot for graph 74/123
Running dot for graph 75/123
Running dot for graph 76/123
Running dot for graph 77/123
Running dot for graph 78/123
Running dot for graph 79/123
Running dot for graph 80/123
Running dot for graph 81/123
Running dot for graph 82/123
Running dot for graph 83/123
Running dot for graph 84/123
Running dot for graph 85/123
Running dot for graph 86/123
Running dot for graph 87/123
Running dot for graph 88/123
Running dot for graph 89/123
Running dot for graph 90/123
Running dot for graph 91/123
Running dot for graph 92/123
Running dot for graph 93/123
Running dot for graph 94/123
Running dot for graph 95/123
Running dot for graph 96/123
Running dot for graph 97/123
Running dot for graph 98/123
Running dot for graph 99/123
Running dot for graph 100/123
Running dot for graph 101/123
Running dot for graph 102/123
Running dot for graph 103/123
Running dot for graph 104/123
Running dot for graph 105/123
Running dot for graph 106/123
Running dot for graph 107/123
Running dot for graph 108/123
Running dot for graph 109/123
Running dot for graph 110/123
Running dot for graph 111/123
Running dot for graph 112/123
Running dot for graph 113/123
Running dot for graph 114/123
Running dot for graph 115/123
Running dot for graph 116/123
Running dot for graph 117/123
Running dot for graph 118/123
Running dot for graph 119/123
Running dot for graph 120/123
Running dot for graph 121/123
Running dot for graph 122/123
Running dot for graph 123/123
Patching output file 1/204
Patching output file 2/204
Patching output file 3/204
Patching output file 4/204
Patching output file 5/204
Patching output file 6/204
Patching output file 7/204
Patching output file 8/204
Patching output file 9/204
Patching output file 10/204
Patching output file 11/204
Patching output file 12/204
Patching output file 13/204
Patching output file 14/204
Patching output file 15/204
Patching output file 16/204
Patching output file 17/204
Patching output file 18/204
Patching output file 19/204
Patching output file 20/204
Patching output file 21/204
Patching output file 22/204
Patching output file 23/204
Patching output file 24/204
Patching output file 25/204
Patching output file 26/204
Patching output file 27/204
Patching output file 28/204
Patching output file 29/204
Patching output file 30/204
Patching output file 31/204
Patching output file 32/204
Patching output file 33/204
Patching output file 34/204
Patching output file 35/204
Patching output file 36/204
Patching output file 37/204
Patching output file 38/204
Patching output file 39/204
Patching output file 40/204
Patching output file 41/204
Patching output file 42/204
Patching output file 43/204
Patching output file 44/204
Patching output file 45/204
Patching output file 46/204
Patching output file 47/204
Patching output file 48/204
Patching output file 49/204
Patching output file 50/204
Patching output file 51/204
Patching output file 52/204
Patching output file 53/204
Patching output file 54/204
Patching output file 55/204
Patching output file 56/204
Patching output file 57/204
Patching output file 58/204
Patching output file 59/204
Patching output file 60/204
Patching output file 61/204
Patching output file 62/204
Patching output file 63/204
Patching output file 64/204
Patching output file 65/204
Patching output file 66/204
Patching output file 67/204
Patching output file 68/204
Patching output file 69/204
Patching output file 70/204
Patching output file 71/204
Patching output file 72/204
Patching output file 73/204
Patching output file 74/204
Patching output file 75/204
Patching output file 76/204
Patching output file 77/204
Patching output file 78/204
Patching output file 79/204
Patching output file 80/204
Patching output file 81/204
Patching output file 82/204
Patching output file 83/204
Patching output file 84/204
Patching output file 85/204
Patching output file 86/204
Patching output file 87/204
Patching output file 88/204
Patching output file 89/204
Patching output file 90/204
Patching output file 91/204
Patching output file 92/204
Patching output file 93/204
Patching output file 94/204
Patching output file 95/204
Patching output file 96/204
Patching output file 97/204
Patching output file 98/204
Patching output file 99/204
Patching output file 100/204
Patching output file 101/204
Patching output file 102/204
Patching output file 103/204
Patching output file 104/204
Patching output file 105/204
Patching output file 106/204
Patching output file 107/204
Patching output file 108/204
Patching output file 109/204
Patching output file 110/204
Patching output file 111/204
Patching output file 112/204
Patching output file 113/204
Patching output file 114/204
Patching output file 115/204
Patching output file 116/204
Patching output file 117/204
Patching output file 118/204
Patching output file 119/204
Patching output file 120/204
Patching output file 121/204
Patching output file 122/204
Patching output file 123/204
Patching output file 124/204
Patching output file 125/204
Patching output file 126/204
Patching output file 127/204
Patching output file 128/204
Patching output file 129/204
Patching output file 130/204
Patching output file 131/204
Patching output file 132/204
Patching output file 133/204
Patching output file 134/204
Patching output file 135/204
Patching output file 136/204
Patching output file 137/204
Patching output file 138/204
Patching output file 139/204
Patching output file 140/204
Patching output file 141/204
Patching output file 142/204
Patching output file 143/204
Patching output file 144/204
Patching output file 145/204
Patching output file 146/204
Patching output file 147/204
Patching output file 148/204
Patching output file 149/204
Patching output file 150/204
Patching output file 151/204
Patching output file 152/204
Patching output file 153/204
Patching output file 154/204
Patching output file 155/204
Patching output file 156/204
Patching output file 157/204
Patching output file 158/204
Patching output file 159/204
Patching output file 160/204
Patching output file 161/204
Patching output file 162/204
Patching output file 163/204
Patching output file 164/204
Patching output file 165/204
Patching output file 166/204
Patching output file 167/204
Patching output file 168/204
Patching output file 169/204
Patching output file 170/204
Patching output file 171/204
Patching output file 172/204
Patching output file 173/204
Patching output file 174/204
Patching output file 175/204
Patching output file 176/204
Patching output file 177/204
Patching output file 178/204
Patching output file 179/204
Patching output file 180/204
Patching output file 181/204
Patching output file 182/204
Patching output file 183/204
Patching output file 184/204
Patching output file 185/204
Patching output file 186/204
Patching output file 187/204
Patching output file 188/204
Patching output file 189/204
Patching output file 190/204
Patching output file 191/204
Patching output file 192/204
Patching output file 193/204
Patching output file 194/204
Patching output file 195/204
Patching output file 196/204
Patching output file 197/204
Patching output file 198/204
Patching output file 199/204
Patching output file 200/204
Patching output file 201/204
Patching output file 202/204
Patching output file 203/204
Patching output file 204/204
lookup cache used 745/65536 hits=9678 misses=791
finished...
